2022-11-10 23:29:47,176 INFO org.springframework.boot.StartupInfoLogger [main] Starting BoilerPlateApplication using Java 11.0.15 on Kang-YongHo-MacBookPro.local with PID 50597 (/Users/dlo/IdeaProjects/jiman-board/build/classes/java/main started by dlo in /Users/dlo/IdeaProjects/jiman-board)
2022-11-10 23:29:47,178 INFO org.springframework.boot.SpringApplication [main] No active profile set, falling back to 1 default profile: "default"
2022-11-10 23:29:47,736 INFO org.springframework.data.repository.config.RepositoryConfigurationDelegate [main] Multiple Spring Data modules found, entering strict repository configuration mode
2022-11-10 23:29:47,737 INFO org.springframework.data.repository.config.RepositoryConfigurationDelegate [main] Bootstrapping Spring Data JPA repositories in DEFAULT mode.
2022-11-10 23:29:47,784 INFO org.springframework.data.repository.config.RepositoryConfigurationDelegate [main] Finished Spring Data repository scanning in 42 ms. Found 2 JPA repository interfaces.
2022-11-10 23:29:47,794 INFO org.springframework.data.repository.config.RepositoryConfigurationDelegate [main] Multiple Spring Data modules found, entering strict repository configuration mode
2022-11-10 23:29:47,795 INFO org.springframework.data.repository.config.RepositoryConfigurationDelegate [main] Bootstrapping Spring Data Redis repositories in DEFAULT mode.
2022-11-10 23:29:47,805 INFO org.springframework.data.repository.config.RepositoryConfigurationExtensionSupport [main] Spring Data Redis - Could not safely identify store assignment for repository candidate interface MemberRepository; If you want this repository to be a Redis repository, consider annotating your entities with one of these annotations: org.springframework.data.redis.core.RedisHash (preferred), or consider extending one of the following types with your repository: org.springframework.data.keyvalue.repository.KeyValueRepository
2022-11-10 23:29:47,805 INFO org.springframework.data.repository.config.RepositoryConfigurationExtensionSupport [main] Spring Data Redis - Could not safely identify store assignment for repository candidate interface BoardRepository; If you want this repository to be a Redis repository, consider annotating your entities with one of these annotations: org.springframework.data.redis.core.RedisHash (preferred), or consider extending one of the following types with your repository: org.springframework.data.keyvalue.repository.KeyValueRepository
2022-11-10 23:29:47,805 INFO org.springframework.data.repository.config.RepositoryConfigurationDelegate [main] Finished Spring Data repository scanning in 5 ms. Found 0 Redis repository interfaces.
2022-11-10 23:29:48,178 INFO org.springframework.boot.web.embedded.tomcat.TomcatWebServer [main] Tomcat initialized with port(s): 8080 (http)
2022-11-10 23:29:48,184 INFO org.apache.juli.logging.DirectJDKLog [main] Starting service [Tomcat]
2022-11-10 23:29:48,184 INFO org.apache.juli.logging.DirectJDKLog [main] Starting Servlet engine: [Apache Tomcat/9.0.68]
2022-11-10 23:29:48,284 INFO org.apache.juli.logging.DirectJDKLog [main] Initializing Spring embedded WebApplicationContext
2022-11-10 23:29:48,285 INFO org.springframework.boot.web.servlet.context.ServletWebServerApplicationContext [main] Root WebApplicationContext: initialization completed in 1079 ms
2022-11-10 23:29:48,382 INFO org.hibernate.jpa.internal.util.LogHelper [main] HHH000204: Processing PersistenceUnitInfo [name: default]
2022-11-10 23:29:48,408 INFO org.hibernate.Version [main] HHH000412: Hibernate ORM core version 5.6.12.Final
2022-11-10 23:29:48,501 INFO org.hibernate.annotations.common.reflection.java.JavaReflectionManager [main] HCANN000001: Hibernate Commons Annotations {5.1.2.Final}
2022-11-10 23:29:48,540 INFO com.zaxxer.hikari.HikariDataSource [main] HikariPool-1 - Starting...
2022-11-10 23:29:48,561 INFO com.zaxxer.hikari.pool.PoolBase [main] HikariPool-1 - Driver does not support get/set network timeout for connections. (Receiver class org.h2.jdbc.JdbcConnection does not define or inherit an implementation of the resolved method 'abstract int getNetworkTimeout()' of interface java.sql.Connection.)
2022-11-10 23:29:48,566 INFO com.zaxxer.hikari.HikariDataSource [main] HikariPool-1 - Start completed.
2022-11-10 23:29:48,574 INFO org.hibernate.dialect.Dialect [main] HHH000400: Using dialect: org.hibernate.dialect.H2Dialect
2022-11-10 23:29:48,577 WARN org.hibernate.dialect.H2Dialect [main] HHH000393: The 1.0.60 version of H2 implements temporary table creation such that it commits current transaction; multi-table, bulk hql/jpaql will not work properly
2022-11-10 23:29:48,932 INFO org.hibernate.engine.transaction.jta.platform.internal.JtaPlatformInitiator [main] HHH000490: Using JtaPlatform implementation: [org.hibernate.engine.transaction.jta.platform.internal.NoJtaPlatform]
2022-11-10 23:29:48,936 INFO org.springframework.orm.jpa.AbstractEntityManagerFactoryBean [main] Initialized JPA EntityManagerFactory for persistence unit 'default'
2022-11-10 23:29:49,208 WARN org.springframework.boot.autoconfigure.orm.jpa.JpaBaseConfiguration$JpaWebConfiguration [main] spring.jpa.open-in-view is enabled by default. Therefore, database queries may be performed during view rendering. Explicitly configure spring.jpa.open-in-view to disable this warning
2022-11-10 23:29:49,509 WARN org.springframework.security.config.annotation.web.builders.WebSecurity [main] You are asking Spring Security to ignore Ant [pattern='/h2-console/**']. This is not recommended -- please use permitAll via HttpSecurity#authorizeHttpRequests instead.
2022-11-10 23:29:49,510 INFO org.springframework.security.web.DefaultSecurityFilterChain [main] Will not secure Ant [pattern='/h2-console/**']
2022-11-10 23:29:49,510 WARN org.springframework.security.config.annotation.web.builders.WebSecurity [main] You are asking Spring Security to ignore Ant [pattern='/api-docs/**']. This is not recommended -- please use permitAll via HttpSecurity#authorizeHttpRequests instead.
2022-11-10 23:29:49,510 INFO org.springframework.security.web.DefaultSecurityFilterChain [main] Will not secure Ant [pattern='/api-docs/**']
2022-11-10 23:29:49,510 WARN org.springframework.security.config.annotation.web.builders.WebSecurity [main] You are asking Spring Security to ignore Ant [pattern='/swagger-ui/**']. This is not recommended -- please use permitAll via HttpSecurity#authorizeHttpRequests instead.
2022-11-10 23:29:49,510 INFO org.springframework.security.web.DefaultSecurityFilterChain [main] Will not secure Ant [pattern='/swagger-ui/**']
2022-11-10 23:29:49,567 DEBUG org.springframework.web.servlet.handler.AbstractHandlerMethodMapping [main] 13 mappings in 'requestMappingHandlerMapping'
2022-11-10 23:29:50,153 DEBUG org.springframework.web.servlet.handler.SimpleUrlHandlerMapping [main] Patterns [/webjars/**, /**, /swagger-ui*/**] in 'resourceHandlerMapping'
2022-11-10 23:29:50,156 INFO org.springframework.security.web.DefaultSecurityFilterChain [main] Will secure any request with [org.springframework.security.web.session.DisableEncodeUrlFilter@1de6f29d, org.springframework.security.web.context.request.async.WebAsyncManagerIntegrationFilter@488c608a, org.springframework.security.web.context.SecurityContextPersistenceFilter@6c399d4, org.springframework.security.web.header.HeaderWriterFilter@3ba50851, org.springframework.web.filter.CorsFilter@3b6c55b6, org.springframework.security.web.authentication.logout.LogoutFilter@18ed9480, FormLoginFilter@5c13534a, JwtAuthFilter@55e02661, org.springframework.security.web.savedrequest.RequestCacheAwareFilter@433362e0, org.springframework.security.web.servletapi.SecurityContextHolderAwareRequestFilter@40625ac6, org.springframework.security.web.authentication.AnonymousAuthenticationFilter@7f38545a, org.springframework.security.web.session.SessionManagementFilter@1a1dd8eb, org.springframework.security.web.access.ExceptionTranslationFilter@1f4de96e, org.springframework.security.web.access.intercept.FilterSecurityInterceptor@1b83fac3]
2022-11-10 23:29:50,190 DEBUG org.springframework.web.servlet.mvc.method.annotation.RequestMappingHandlerAdapter [main] ControllerAdvice beans: 0 @ModelAttribute, 0 @InitBinder, 1 RequestBodyAdvice, 1 ResponseBodyAdvice
2022-11-10 23:29:50,206 DEBUG org.springframework.web.servlet.mvc.method.annotation.ExceptionHandlerExceptionResolver [main] ControllerAdvice beans: 2 @ExceptionHandler, 1 ResponseBodyAdvice
2022-11-10 23:29:50,353 INFO org.springframework.boot.web.embedded.tomcat.TomcatWebServer [main] Tomcat started on port(s): 8080 (http) with context path ''
2022-11-10 23:29:50,361 INFO org.springframework.boot.StartupInfoLogger [main] Started BoilerPlateApplication in 3.469 seconds (JVM running for 4.121)
2022-11-10 23:29:54,585 INFO org.apache.juli.logging.DirectJDKLog [http-nio-8080-exec-1] Initializing Spring DispatcherServlet 'dispatcherServlet'
2022-11-10 23:29:54,586 INFO org.springframework.web.servlet.FrameworkServlet [http-nio-8080-exec-1] Initializing Servlet 'dispatcherServlet'
2022-11-10 23:29:54,586 DEBUG org.springframework.web.servlet.DispatcherServlet [http-nio-8080-exec-1] Detected StandardServletMultipartResolver
2022-11-10 23:29:54,586 DEBUG org.springframework.web.servlet.DispatcherServlet [http-nio-8080-exec-1] Detected AcceptHeaderLocaleResolver
2022-11-10 23:29:54,586 DEBUG org.springframework.web.servlet.DispatcherServlet [http-nio-8080-exec-1] Detected FixedThemeResolver
2022-11-10 23:29:54,587 DEBUG org.springframework.web.servlet.DispatcherServlet [http-nio-8080-exec-1] Detected org.springframework.web.servlet.view.DefaultRequestToViewNameTranslator@7e9d171c
2022-11-10 23:29:54,587 DEBUG org.springframework.web.servlet.DispatcherServlet [http-nio-8080-exec-1] Detected org.springframework.web.servlet.support.SessionFlashMapManager@46cb800b
2022-11-10 23:29:54,587 DEBUG org.springframework.web.servlet.FrameworkServlet [http-nio-8080-exec-1] enableLoggingRequestDetails='false': request parameters and headers will be masked to prevent unsafe logging of potentially sensitive data
2022-11-10 23:29:54,587 INFO org.springframework.web.servlet.FrameworkServlet [http-nio-8080-exec-1] Completed initialization in 1 ms
2022-11-10 23:29:54,595 DEBUG org.springframework.core.log.LogFormatUtils [http-nio-8080-exec-1] GET "/swagger-ui/index.html", parameters={}
2022-11-10 23:29:54,599 DEBUG org.springframework.web.servlet.handler.AbstractHandlerMapping [http-nio-8080-exec-1] Mapped to ResourceHttpRequestHandler [classpath [META-INF/resources/webjars/]]
2022-11-10 23:29:54,607 DEBUG org.springframework.web.servlet.FrameworkServlet [http-nio-8080-exec-1] Completed 304 NOT_MODIFIED
2022-11-10 23:29:54,779 DEBUG org.springframework.core.log.LogFormatUtils [http-nio-8080-exec-2] GET "/api-docs/json/swagger-config", parameters={}
2022-11-10 23:29:54,780 DEBUG org.springframework.web.servlet.handler.AbstractHandlerMapping [http-nio-8080-exec-2] Mapped to org.springdoc.webmvc.ui.SwaggerConfigResource#openapiJson(HttpServletRequest)
2022-11-10 23:29:54,782 DEBUG org.springframework.core.log.LogFormatUtils [http-nio-8080-exec-3] GET "/swagger-ui/favicon-32x32.png", parameters={}
2022-11-10 23:29:54,783 DEBUG org.springframework.web.servlet.handler.AbstractHandlerMapping [http-nio-8080-exec-3] Mapped to ResourceHttpRequestHandler [classpath [META-INF/resources/webjars/]]
2022-11-10 23:29:54,786 DEBUG org.springframework.web.servlet.FrameworkServlet [http-nio-8080-exec-3] Completed 304 NOT_MODIFIED
2022-11-10 23:29:54,795 DEBUG org.springframework.web.servlet.mvc.method.annotation.AbstractMessageConverterMethodProcessor [http-nio-8080-exec-2] Using 'application/json', given [*/*] and supported [application/json]
2022-11-10 23:29:54,805 DEBUG org.springframework.core.log.LogFormatUtils [http-nio-8080-exec-2] Writing [{configUrl=/api-docs/json/swagger-config, oauth2RedirectUrl=http://localhost:8080/swagger-ui/oauth2- (truncated)...]
2022-11-10 23:29:54,845 DEBUG org.springframework.web.servlet.FrameworkServlet [http-nio-8080-exec-2] Completed 200 OK
2022-11-10 23:29:54,863 DEBUG org.springframework.core.log.LogFormatUtils [http-nio-8080-exec-4] GET "/api-docs/json/v1", parameters={}
2022-11-10 23:29:54,863 DEBUG org.springframework.web.servlet.handler.AbstractHandlerMapping [http-nio-8080-exec-4] Mapped to org.springdoc.webmvc.api.MultipleOpenApiWebMvcResource#openapiJson(HttpServletRequest, String, String, Locale)
2022-11-10 23:29:55,055 INFO org.springdoc.api.AbstractOpenApiResource [http-nio-8080-exec-4] Init duration for springdoc-openapi is: 180 ms
2022-11-10 23:29:55,062 DEBUG org.springframework.web.servlet.mvc.method.annotation.AbstractMessageConverterMethodProcessor [http-nio-8080-exec-4] Using 'application/json', given [application/json, */*] and supported [application/json]
2022-11-10 23:29:55,062 DEBUG org.springframework.core.log.LogFormatUtils [http-nio-8080-exec-4] Writing ["{"openapi":"3.0.1","info":{"title":"지만이의 과제 명세서","description":"게시판과 정산","version":"v1"},"servers":[ (truncated)..."]
2022-11-10 23:29:55,063 DEBUG org.springframework.web.servlet.FrameworkServlet [http-nio-8080-exec-4] Completed 200 OK
2022-11-10 23:30:18,452 INFO org.springframework.orm.jpa.AbstractEntityManagerFactoryBean [SpringApplicationShutdownHook] Closing JPA EntityManagerFactory for persistence unit 'default'
2022-11-10 23:30:18,456 INFO com.zaxxer.hikari.HikariDataSource [SpringApplicationShutdownHook] HikariPool-1 - Shutdown initiated...
2022-11-10 23:30:18,458 INFO com.zaxxer.hikari.HikariDataSource [SpringApplicationShutdownHook] HikariPool-1 - Shutdown completed.
2022-11-11 15:10:53,947 INFO org.springframework.boot.StartupInfoLogger [main] Starting BoilerPlateApplication using Java 11.0.15 on Kang-YongHo-MacBookPro.local with PID 15283 (/Users/dlo/IdeaProjects/jiman-board/build/classes/java/main started by dlo in /Users/dlo/IdeaProjects/jiman-board)
2022-11-11 15:10:53,950 INFO org.springframework.boot.SpringApplication [main] No active profile set, falling back to 1 default profile: "default"
2022-11-11 15:10:54,616 INFO org.springframework.data.repository.config.RepositoryConfigurationDelegate [main] Multiple Spring Data modules found, entering strict repository configuration mode
2022-11-11 15:10:54,616 INFO org.springframework.data.repository.config.RepositoryConfigurationDelegate [main] Bootstrapping Spring Data JPA repositories in DEFAULT mode.
2022-11-11 15:10:54,671 INFO org.springframework.data.repository.config.RepositoryConfigurationDelegate [main] Finished Spring Data repository scanning in 50 ms. Found 2 JPA repository interfaces.
2022-11-11 15:10:54,685 INFO org.springframework.data.repository.config.RepositoryConfigurationDelegate [main] Multiple Spring Data modules found, entering strict repository configuration mode
2022-11-11 15:10:54,687 INFO org.springframework.data.repository.config.RepositoryConfigurationDelegate [main] Bootstrapping Spring Data Redis repositories in DEFAULT mode.
2022-11-11 15:10:54,699 INFO org.springframework.data.repository.config.RepositoryConfigurationExtensionSupport [main] Spring Data Redis - Could not safely identify store assignment for repository candidate interface com.boilerplate.modules.account.infra.MemberRepository; If you want this repository to be a Redis repository, consider annotating your entities with one of these annotations: org.springframework.data.redis.core.RedisHash (preferred), or consider extending one of the following types with your repository: org.springframework.data.keyvalue.repository.KeyValueRepository
2022-11-11 15:10:54,700 INFO org.springframework.data.repository.config.RepositoryConfigurationExtensionSupport [main] Spring Data Redis - Could not safely identify store assignment for repository candidate interface com.boilerplate.modules.board.infra.BoardRepository; If you want this repository to be a Redis repository, consider annotating your entities with one of these annotations: org.springframework.data.redis.core.RedisHash (preferred), or consider extending one of the following types with your repository: org.springframework.data.keyvalue.repository.KeyValueRepository
2022-11-11 15:10:54,700 INFO org.springframework.data.repository.config.RepositoryConfigurationDelegate [main] Finished Spring Data repository scanning in 6 ms. Found 0 Redis repository interfaces.
2022-11-11 15:10:55,127 INFO org.springframework.boot.web.embedded.tomcat.TomcatWebServer [main] Tomcat initialized with port(s): 8080 (http)
2022-11-11 15:10:55,133 INFO org.apache.juli.logging.DirectJDKLog [main] Starting service [Tomcat]
2022-11-11 15:10:55,134 INFO org.apache.juli.logging.DirectJDKLog [main] Starting Servlet engine: [Apache Tomcat/9.0.68]
2022-11-11 15:10:55,279 INFO org.apache.juli.logging.DirectJDKLog [main] Initializing Spring embedded WebApplicationContext
2022-11-11 15:10:55,279 INFO org.springframework.boot.web.servlet.context.ServletWebServerApplicationContext [main] Root WebApplicationContext: initialization completed in 1292 ms
2022-11-11 15:10:55,405 INFO org.hibernate.jpa.internal.util.LogHelper [main] HHH000204: Processing PersistenceUnitInfo [name: default]
2022-11-11 15:10:55,434 INFO org.hibernate.Version [main] HHH000412: Hibernate ORM core version 5.6.12.Final
2022-11-11 15:10:55,578 INFO org.hibernate.annotations.common.reflection.java.JavaReflectionManager [main] HCANN000001: Hibernate Commons Annotations {5.1.2.Final}
2022-11-11 15:10:55,639 INFO com.zaxxer.hikari.HikariDataSource [main] HikariPool-1 - Starting...
2022-11-11 15:10:55,672 INFO com.zaxxer.hikari.pool.PoolBase [main] HikariPool-1 - Driver does not support get/set network timeout for connections. (Receiver class org.h2.jdbc.JdbcConnection does not define or inherit an implementation of the resolved method 'abstract int getNetworkTimeout()' of interface java.sql.Connection.)
2022-11-11 15:10:55,679 INFO com.zaxxer.hikari.HikariDataSource [main] HikariPool-1 - Start completed.
2022-11-11 15:10:55,692 INFO org.hibernate.dialect.Dialect [main] HHH000400: Using dialect: org.hibernate.dialect.H2Dialect
2022-11-11 15:10:55,698 WARN org.hibernate.dialect.H2Dialect [main] HHH000393: The 1.0.60 version of H2 implements temporary table creation such that it commits current transaction; multi-table, bulk hql/jpaql will not work properly
2022-11-11 15:10:56,221 INFO org.hibernate.engine.transaction.jta.platform.internal.JtaPlatformInitiator [main] HHH000490: Using JtaPlatform implementation: [org.hibernate.engine.transaction.jta.platform.internal.NoJtaPlatform]
2022-11-11 15:10:56,226 INFO org.springframework.orm.jpa.AbstractEntityManagerFactoryBean [main] Initialized JPA EntityManagerFactory for persistence unit 'default'
2022-11-11 15:10:56,516 WARN org.springframework.boot.autoconfigure.orm.jpa.JpaBaseConfiguration$JpaWebConfiguration [main] spring.jpa.open-in-view is enabled by default. Therefore, database queries may be performed during view rendering. Explicitly configure spring.jpa.open-in-view to disable this warning
2022-11-11 15:10:56,823 WARN org.springframework.security.config.annotation.web.builders.WebSecurity [main] You are asking Spring Security to ignore Ant [pattern='/h2-console/**']. This is not recommended -- please use permitAll via HttpSecurity#authorizeHttpRequests instead.
2022-11-11 15:10:56,824 INFO org.springframework.security.web.DefaultSecurityFilterChain [main] Will not secure Ant [pattern='/h2-console/**']
2022-11-11 15:10:56,824 WARN org.springframework.security.config.annotation.web.builders.WebSecurity [main] You are asking Spring Security to ignore Ant [pattern='/api-docs/**']. This is not recommended -- please use permitAll via HttpSecurity#authorizeHttpRequests instead.
2022-11-11 15:10:56,824 INFO org.springframework.security.web.DefaultSecurityFilterChain [main] Will not secure Ant [pattern='/api-docs/**']
2022-11-11 15:10:56,824 WARN org.springframework.security.config.annotation.web.builders.WebSecurity [main] You are asking Spring Security to ignore Ant [pattern='/swagger-ui/**']. This is not recommended -- please use permitAll via HttpSecurity#authorizeHttpRequests instead.
2022-11-11 15:10:56,824 INFO org.springframework.security.web.DefaultSecurityFilterChain [main] Will not secure Ant [pattern='/swagger-ui/**']
2022-11-11 15:10:56,882 DEBUG org.springframework.web.servlet.handler.AbstractHandlerMethodMapping [main] 14 mappings in 'requestMappingHandlerMapping'
2022-11-11 15:10:57,484 DEBUG org.springframework.web.servlet.handler.SimpleUrlHandlerMapping [main] Patterns [/webjars/**, /**, /swagger-ui*/**] in 'resourceHandlerMapping'
2022-11-11 15:10:57,488 INFO org.springframework.security.web.DefaultSecurityFilterChain [main] Will secure any request with [org.springframework.security.web.session.DisableEncodeUrlFilter@4d4337f9, org.springframework.security.web.context.request.async.WebAsyncManagerIntegrationFilter@1e6f7c25, org.springframework.security.web.context.SecurityContextPersistenceFilter@3f8a44a4, org.springframework.security.web.header.HeaderWriterFilter@425a5c2e, org.springframework.web.filter.CorsFilter@1a7f2d34, org.springframework.security.web.authentication.logout.LogoutFilter@6a9f8c2f, com.boilerplate.security.filter.FormLoginFilter@10f192d8, com.boilerplate.security.filter.JwtAuthFilter@23243bc0, org.springframework.security.web.savedrequest.RequestCacheAwareFilter@53cb9b1, org.springframework.security.web.servletapi.SecurityContextHolderAwareRequestFilter@372e972d, org.springframework.security.web.authentication.AnonymousAuthenticationFilter@770c3ca2, org.springframework.security.web.session.SessionManagementFilter@44a7661d, org.springframework.security.web.access.ExceptionTranslationFilter@5e1bfe66, org.springframework.security.web.access.intercept.FilterSecurityInterceptor@20a2930f]
2022-11-11 15:10:57,533 DEBUG org.springframework.web.servlet.mvc.method.annotation.RequestMappingHandlerAdapter [main] ControllerAdvice beans: 0 @ModelAttribute, 0 @InitBinder, 1 RequestBodyAdvice, 1 ResponseBodyAdvice
2022-11-11 15:10:57,552 DEBUG org.springframework.web.servlet.mvc.method.annotation.ExceptionHandlerExceptionResolver [main] ControllerAdvice beans: 2 @ExceptionHandler, 1 ResponseBodyAdvice
2022-11-11 15:10:57,784 INFO org.springframework.boot.web.embedded.tomcat.TomcatWebServer [main] Tomcat started on port(s): 8080 (http) with context path ''
2022-11-11 15:10:57,794 INFO org.springframework.boot.StartupInfoLogger [main] Started BoilerPlateApplication in 4.221 seconds (JVM running for 4.934)
2022-11-11 15:11:38,824 INFO org.springframework.boot.StartupInfoLogger [main] Starting BoilerPlateApplication using Java 11.0.15 on Kang-YongHo-MacBookPro.local with PID 15361 (/Users/dlo/IdeaProjects/jiman-board/build/classes/java/main started by dlo in /Users/dlo/IdeaProjects/jiman-board)
2022-11-11 15:11:38,827 INFO org.springframework.boot.SpringApplication [main] No active profile set, falling back to 1 default profile: "default"
2022-11-11 15:11:39,482 INFO org.springframework.data.repository.config.RepositoryConfigurationDelegate [main] Multiple Spring Data modules found, entering strict repository configuration mode
2022-11-11 15:11:39,486 INFO org.springframework.data.repository.config.RepositoryConfigurationDelegate [main] Bootstrapping Spring Data JPA repositories in DEFAULT mode.
2022-11-11 15:11:39,643 INFO org.springframework.data.repository.config.RepositoryConfigurationDelegate [main] Finished Spring Data repository scanning in 149 ms. Found 2 JPA repository interfaces.
2022-11-11 15:11:39,657 INFO org.springframework.data.repository.config.RepositoryConfigurationDelegate [main] Multiple Spring Data modules found, entering strict repository configuration mode
2022-11-11 15:11:39,658 INFO org.springframework.data.repository.config.RepositoryConfigurationDelegate [main] Bootstrapping Spring Data Redis repositories in DEFAULT mode.
2022-11-11 15:11:39,672 INFO org.springframework.data.repository.config.RepositoryConfigurationExtensionSupport [main] Spring Data Redis - Could not safely identify store assignment for repository candidate interface com.boilerplate.modules.account.infra.MemberRepository; If you want this repository to be a Redis repository, consider annotating your entities with one of these annotations: org.springframework.data.redis.core.RedisHash (preferred), or consider extending one of the following types with your repository: org.springframework.data.keyvalue.repository.KeyValueRepository
2022-11-11 15:11:39,673 INFO org.springframework.data.repository.config.RepositoryConfigurationExtensionSupport [main] Spring Data Redis - Could not safely identify store assignment for repository candidate interface com.boilerplate.modules.board.infra.BoardRepository; If you want this repository to be a Redis repository, consider annotating your entities with one of these annotations: org.springframework.data.redis.core.RedisHash (preferred), or consider extending one of the following types with your repository: org.springframework.data.keyvalue.repository.KeyValueRepository
2022-11-11 15:11:39,673 INFO org.springframework.data.repository.config.RepositoryConfigurationDelegate [main] Finished Spring Data repository scanning in 8 ms. Found 0 Redis repository interfaces.
2022-11-11 15:11:40,220 INFO org.springframework.boot.web.embedded.tomcat.TomcatWebServer [main] Tomcat initialized with port(s): 8080 (http)
2022-11-11 15:11:40,229 INFO org.apache.juli.logging.DirectJDKLog [main] Starting service [Tomcat]
2022-11-11 15:11:40,229 INFO org.apache.juli.logging.DirectJDKLog [main] Starting Servlet engine: [Apache Tomcat/9.0.68]
2022-11-11 15:11:40,371 INFO org.apache.juli.logging.DirectJDKLog [main] Initializing Spring embedded WebApplicationContext
2022-11-11 15:11:40,371 INFO org.springframework.boot.web.servlet.context.ServletWebServerApplicationContext [main] Root WebApplicationContext: initialization completed in 1504 ms
2022-11-11 15:11:40,522 INFO org.hibernate.jpa.internal.util.LogHelper [main] HHH000204: Processing PersistenceUnitInfo [name: default]
2022-11-11 15:11:40,568 INFO org.hibernate.Version [main] HHH000412: Hibernate ORM core version 5.6.12.Final
2022-11-11 15:11:40,737 INFO org.hibernate.annotations.common.reflection.java.JavaReflectionManager [main] HCANN000001: Hibernate Commons Annotations {5.1.2.Final}
2022-11-11 15:11:40,834 INFO com.zaxxer.hikari.HikariDataSource [main] HikariPool-1 - Starting...
2022-11-11 15:11:40,935 INFO com.zaxxer.hikari.pool.PoolBase [main] HikariPool-1 - Driver does not support get/set network timeout for connections. (Receiver class org.h2.jdbc.JdbcConnection does not define or inherit an implementation of the resolved method 'abstract int getNetworkTimeout()' of interface java.sql.Connection.)
2022-11-11 15:11:40,945 INFO com.zaxxer.hikari.HikariDataSource [main] HikariPool-1 - Start completed.
2022-11-11 15:11:40,978 INFO org.hibernate.dialect.Dialect [main] HHH000400: Using dialect: org.hibernate.dialect.H2Dialect
2022-11-11 15:11:40,984 WARN org.hibernate.dialect.H2Dialect [main] HHH000393: The 1.0.60 version of H2 implements temporary table creation such that it commits current transaction; multi-table, bulk hql/jpaql will not work properly
2022-11-11 15:11:41,547 INFO org.hibernate.engine.transaction.jta.platform.internal.JtaPlatformInitiator [main] HHH000490: Using JtaPlatform implementation: [org.hibernate.engine.transaction.jta.platform.internal.NoJtaPlatform]
2022-11-11 15:11:41,552 INFO org.springframework.orm.jpa.AbstractEntityManagerFactoryBean [main] Initialized JPA EntityManagerFactory for persistence unit 'default'
2022-11-11 15:11:41,906 WARN org.springframework.boot.autoconfigure.orm.jpa.JpaBaseConfiguration$JpaWebConfiguration [main] spring.jpa.open-in-view is enabled by default. Therefore, database queries may be performed during view rendering. Explicitly configure spring.jpa.open-in-view to disable this warning
2022-11-11 15:11:42,369 WARN org.springframework.security.config.annotation.web.builders.WebSecurity [main] You are asking Spring Security to ignore Ant [pattern='/h2-console/**']. This is not recommended -- please use permitAll via HttpSecurity#authorizeHttpRequests instead.
2022-11-11 15:11:42,369 INFO org.springframework.security.web.DefaultSecurityFilterChain [main] Will not secure Ant [pattern='/h2-console/**']
2022-11-11 15:11:42,370 WARN org.springframework.security.config.annotation.web.builders.WebSecurity [main] You are asking Spring Security to ignore Ant [pattern='/api-docs/**']. This is not recommended -- please use permitAll via HttpSecurity#authorizeHttpRequests instead.
2022-11-11 15:11:42,370 INFO org.springframework.security.web.DefaultSecurityFilterChain [main] Will not secure Ant [pattern='/api-docs/**']
2022-11-11 15:11:42,370 WARN org.springframework.security.config.annotation.web.builders.WebSecurity [main] You are asking Spring Security to ignore Ant [pattern='/swagger-ui/**']. This is not recommended -- please use permitAll via HttpSecurity#authorizeHttpRequests instead.
2022-11-11 15:11:42,370 INFO org.springframework.security.web.DefaultSecurityFilterChain [main] Will not secure Ant [pattern='/swagger-ui/**']
2022-11-11 15:11:42,442 DEBUG org.springframework.web.servlet.handler.AbstractHandlerMethodMapping [main] 14 mappings in 'requestMappingHandlerMapping'
2022-11-11 15:11:43,461 DEBUG org.springframework.web.servlet.handler.SimpleUrlHandlerMapping [main] Patterns [/webjars/**, /**, /swagger-ui*/**] in 'resourceHandlerMapping'
2022-11-11 15:11:43,466 INFO org.springframework.security.web.DefaultSecurityFilterChain [main] Will secure any request with [org.springframework.security.web.session.DisableEncodeUrlFilter@5d4af473, org.springframework.security.web.context.request.async.WebAsyncManagerIntegrationFilter@31f96cf, org.springframework.security.web.context.SecurityContextPersistenceFilter@4e9d1119, org.springframework.security.web.header.HeaderWriterFilter@7fda84cf, org.springframework.web.filter.CorsFilter@3dc5eb8f, org.springframework.security.web.authentication.logout.LogoutFilter@4f1ea463, com.boilerplate.security.filter.FormLoginFilter@3a6409ec, com.boilerplate.security.filter.JwtAuthFilter@1d4b0a07, org.springframework.security.web.savedrequest.RequestCacheAwareFilter@6079d219, org.springframework.security.web.servletapi.SecurityContextHolderAwareRequestFilter@551976c2, org.springframework.security.web.authentication.AnonymousAuthenticationFilter@17a89cb1, org.springframework.security.web.session.SessionManagementFilter@19240b9, org.springframework.security.web.access.ExceptionTranslationFilter@53bc6492, org.springframework.security.web.access.intercept.FilterSecurityInterceptor@186fc6e]
2022-11-11 15:11:43,528 DEBUG org.springframework.web.servlet.mvc.method.annotation.RequestMappingHandlerAdapter [main] ControllerAdvice beans: 0 @ModelAttribute, 0 @InitBinder, 1 RequestBodyAdvice, 1 ResponseBodyAdvice
2022-11-11 15:11:43,556 DEBUG org.springframework.web.servlet.mvc.method.annotation.ExceptionHandlerExceptionResolver [main] ControllerAdvice beans: 2 @ExceptionHandler, 1 ResponseBodyAdvice
2022-11-11 15:11:43,708 WARN org.springframework.context.support.AbstractApplicationContext [main] Exception encountered during context initialization - cancelling refresh attempt: org.springframework.context.ApplicationContextException: Failed to start bean 'webServerStartStop'; nested exception is org.springframework.boot.web.server.PortInUseException: Port 8080 is already in use
2022-11-11 15:11:43,726 INFO org.springframework.orm.jpa.AbstractEntityManagerFactoryBean [main] Closing JPA EntityManagerFactory for persistence unit 'default'
2022-11-11 15:11:43,728 INFO com.zaxxer.hikari.HikariDataSource [main] HikariPool-1 - Shutdown initiated...
2022-11-11 15:11:43,734 INFO com.zaxxer.hikari.HikariDataSource [main] HikariPool-1 - Shutdown completed.
2022-11-11 15:11:43,736 INFO org.apache.juli.logging.DirectJDKLog [main] Stopping service [Tomcat]
2022-11-11 15:11:43,748 INFO org.springframework.boot.autoconfigure.logging.ConditionEvaluationReportLoggingListener [main] 

Error starting ApplicationContext. To display the conditions report re-run your application with 'debug' enabled.
2022-11-11 15:11:43,760 ERROR org.springframework.boot.diagnostics.LoggingFailureAnalysisReporter [main] 

***************************
APPLICATION FAILED TO START
***************************

Description:

Web server failed to start. Port 8080 was already in use.

Action:

Identify and stop the process that's listening on port 8080 or configure this application to listen on another port.

2022-11-11 15:12:27,488 INFO org.springframework.orm.jpa.AbstractEntityManagerFactoryBean [SpringApplicationShutdownHook] Closing JPA EntityManagerFactory for persistence unit 'default'
2022-11-11 15:12:27,490 INFO com.zaxxer.hikari.HikariDataSource [SpringApplicationShutdownHook] HikariPool-1 - Shutdown initiated...
2022-11-11 15:12:27,491 INFO com.zaxxer.hikari.HikariDataSource [SpringApplicationShutdownHook] HikariPool-1 - Shutdown completed.
2022-11-11 15:12:30,266 INFO org.springframework.boot.StartupInfoLogger [main] Starting BoilerPlateApplication using Java 11.0.15 on Kang-YongHo-MacBookPro.local with PID 15427 (/Users/dlo/IdeaProjects/jiman-board/build/classes/java/main started by dlo in /Users/dlo/IdeaProjects/jiman-board)
2022-11-11 15:12:30,267 INFO org.springframework.boot.SpringApplication [main] No active profile set, falling back to 1 default profile: "default"
2022-11-11 15:12:30,920 INFO org.springframework.data.repository.config.RepositoryConfigurationDelegate [main] Multiple Spring Data modules found, entering strict repository configuration mode
2022-11-11 15:12:30,921 INFO org.springframework.data.repository.config.RepositoryConfigurationDelegate [main] Bootstrapping Spring Data JPA repositories in DEFAULT mode.
2022-11-11 15:12:30,971 INFO org.springframework.data.repository.config.RepositoryConfigurationDelegate [main] Finished Spring Data repository scanning in 45 ms. Found 2 JPA repository interfaces.
2022-11-11 15:12:30,980 INFO org.springframework.data.repository.config.RepositoryConfigurationDelegate [main] Multiple Spring Data modules found, entering strict repository configuration mode
2022-11-11 15:12:30,981 INFO org.springframework.data.repository.config.RepositoryConfigurationDelegate [main] Bootstrapping Spring Data Redis repositories in DEFAULT mode.
2022-11-11 15:12:30,992 INFO org.springframework.data.repository.config.RepositoryConfigurationExtensionSupport [main] Spring Data Redis - Could not safely identify store assignment for repository candidate interface com.boilerplate.modules.account.infra.MemberRepository; If you want this repository to be a Redis repository, consider annotating your entities with one of these annotations: org.springframework.data.redis.core.RedisHash (preferred), or consider extending one of the following types with your repository: org.springframework.data.keyvalue.repository.KeyValueRepository
2022-11-11 15:12:30,993 INFO org.springframework.data.repository.config.RepositoryConfigurationExtensionSupport [main] Spring Data Redis - Could not safely identify store assignment for repository candidate interface com.boilerplate.modules.board.infra.BoardRepository; If you want this repository to be a Redis repository, consider annotating your entities with one of these annotations: org.springframework.data.redis.core.RedisHash (preferred), or consider extending one of the following types with your repository: org.springframework.data.keyvalue.repository.KeyValueRepository
2022-11-11 15:12:30,993 INFO org.springframework.data.repository.config.RepositoryConfigurationDelegate [main] Finished Spring Data repository scanning in 6 ms. Found 0 Redis repository interfaces.
2022-11-11 15:12:31,394 INFO org.springframework.boot.web.embedded.tomcat.TomcatWebServer [main] Tomcat initialized with port(s): 8080 (http)
2022-11-11 15:12:31,400 INFO org.apache.juli.logging.DirectJDKLog [main] Starting service [Tomcat]
2022-11-11 15:12:31,400 INFO org.apache.juli.logging.DirectJDKLog [main] Starting Servlet engine: [Apache Tomcat/9.0.68]
2022-11-11 15:12:31,507 INFO org.apache.juli.logging.DirectJDKLog [main] Initializing Spring embedded WebApplicationContext
2022-11-11 15:12:31,508 INFO org.springframework.boot.web.servlet.context.ServletWebServerApplicationContext [main] Root WebApplicationContext: initialization completed in 1204 ms
2022-11-11 15:12:31,616 INFO org.hibernate.jpa.internal.util.LogHelper [main] HHH000204: Processing PersistenceUnitInfo [name: default]
2022-11-11 15:12:31,642 INFO org.hibernate.Version [main] HHH000412: Hibernate ORM core version 5.6.12.Final
2022-11-11 15:12:31,742 INFO org.hibernate.annotations.common.reflection.java.JavaReflectionManager [main] HCANN000001: Hibernate Commons Annotations {5.1.2.Final}
2022-11-11 15:12:31,786 INFO com.zaxxer.hikari.HikariDataSource [main] HikariPool-1 - Starting...
2022-11-11 15:12:31,808 INFO com.zaxxer.hikari.pool.PoolBase [main] HikariPool-1 - Driver does not support get/set network timeout for connections. (Receiver class org.h2.jdbc.JdbcConnection does not define or inherit an implementation of the resolved method 'abstract int getNetworkTimeout()' of interface java.sql.Connection.)
2022-11-11 15:12:31,813 INFO com.zaxxer.hikari.HikariDataSource [main] HikariPool-1 - Start completed.
2022-11-11 15:12:31,823 INFO org.hibernate.dialect.Dialect [main] HHH000400: Using dialect: org.hibernate.dialect.H2Dialect
2022-11-11 15:12:31,827 WARN org.hibernate.dialect.H2Dialect [main] HHH000393: The 1.0.60 version of H2 implements temporary table creation such that it commits current transaction; multi-table, bulk hql/jpaql will not work properly
2022-11-11 15:12:32,199 INFO org.hibernate.engine.transaction.jta.platform.internal.JtaPlatformInitiator [main] HHH000490: Using JtaPlatform implementation: [org.hibernate.engine.transaction.jta.platform.internal.NoJtaPlatform]
2022-11-11 15:12:32,204 INFO org.springframework.orm.jpa.AbstractEntityManagerFactoryBean [main] Initialized JPA EntityManagerFactory for persistence unit 'default'
2022-11-11 15:12:32,454 WARN org.springframework.boot.autoconfigure.orm.jpa.JpaBaseConfiguration$JpaWebConfiguration [main] spring.jpa.open-in-view is enabled by default. Therefore, database queries may be performed during view rendering. Explicitly configure spring.jpa.open-in-view to disable this warning
2022-11-11 15:12:32,734 WARN org.springframework.security.config.annotation.web.builders.WebSecurity [main] You are asking Spring Security to ignore Ant [pattern='/h2-console/**']. This is not recommended -- please use permitAll via HttpSecurity#authorizeHttpRequests instead.
2022-11-11 15:12:32,734 INFO org.springframework.security.web.DefaultSecurityFilterChain [main] Will not secure Ant [pattern='/h2-console/**']
2022-11-11 15:12:32,734 WARN org.springframework.security.config.annotation.web.builders.WebSecurity [main] You are asking Spring Security to ignore Ant [pattern='/api-docs/**']. This is not recommended -- please use permitAll via HttpSecurity#authorizeHttpRequests instead.
2022-11-11 15:12:32,735 INFO org.springframework.security.web.DefaultSecurityFilterChain [main] Will not secure Ant [pattern='/api-docs/**']
2022-11-11 15:12:32,735 WARN org.springframework.security.config.annotation.web.builders.WebSecurity [main] You are asking Spring Security to ignore Ant [pattern='/swagger-ui/**']. This is not recommended -- please use permitAll via HttpSecurity#authorizeHttpRequests instead.
2022-11-11 15:12:32,735 INFO org.springframework.security.web.DefaultSecurityFilterChain [main] Will not secure Ant [pattern='/swagger-ui/**']
2022-11-11 15:12:32,798 DEBUG org.springframework.web.servlet.handler.AbstractHandlerMethodMapping [main] 14 mappings in 'requestMappingHandlerMapping'
2022-11-11 15:12:33,326 DEBUG org.springframework.web.servlet.handler.SimpleUrlHandlerMapping [main] Patterns [/webjars/**, /**, /swagger-ui*/**] in 'resourceHandlerMapping'
2022-11-11 15:12:33,330 INFO org.springframework.security.web.DefaultSecurityFilterChain [main] Will secure any request with [org.springframework.security.web.session.DisableEncodeUrlFilter@42a89cef, org.springframework.security.web.context.request.async.WebAsyncManagerIntegrationFilter@7f33ad20, org.springframework.security.web.context.SecurityContextPersistenceFilter@18ed9480, org.springframework.security.web.header.HeaderWriterFilter@2723b0d0, org.springframework.web.filter.CorsFilter@52a23575, org.springframework.security.web.authentication.logout.LogoutFilter@600a1270, com.boilerplate.security.filter.FormLoginFilter@3e0a112f, com.boilerplate.security.filter.JwtAuthFilter@3f473daf, org.springframework.security.web.savedrequest.RequestCacheAwareFilter@238c63df, org.springframework.security.web.servletapi.SecurityContextHolderAwareRequestFilter@662b199, org.springframework.security.web.authentication.AnonymousAuthenticationFilter@390e814c, org.springframework.security.web.session.SessionManagementFilter@47d0195b, org.springframework.security.web.access.ExceptionTranslationFilter@54d9b23a, org.springframework.security.web.access.intercept.FilterSecurityInterceptor@594965c9]
2022-11-11 15:12:33,369 DEBUG org.springframework.web.servlet.mvc.method.annotation.RequestMappingHandlerAdapter [main] ControllerAdvice beans: 0 @ModelAttribute, 0 @InitBinder, 1 RequestBodyAdvice, 1 ResponseBodyAdvice
2022-11-11 15:12:33,387 DEBUG org.springframework.web.servlet.mvc.method.annotation.ExceptionHandlerExceptionResolver [main] ControllerAdvice beans: 2 @ExceptionHandler, 1 ResponseBodyAdvice
2022-11-11 15:12:33,557 INFO org.springframework.boot.web.embedded.tomcat.TomcatWebServer [main] Tomcat started on port(s): 8080 (http) with context path ''
2022-11-11 15:12:33,570 INFO org.springframework.boot.StartupInfoLogger [main] Started BoilerPlateApplication in 3.621 seconds (JVM running for 4.28)
2022-11-11 15:13:04,410 INFO org.springframework.boot.StartupInfoLogger [main] Starting BoilerPlateApplication using Java 11.0.15 on Kang-YongHo-MacBookPro.local with PID 15467 (/Users/dlo/IdeaProjects/jiman-board/build/classes/java/main started by dlo in /Users/dlo/IdeaProjects/jiman-board)
2022-11-11 15:13:04,413 INFO org.springframework.boot.SpringApplication [main] No active profile set, falling back to 1 default profile: "default"
2022-11-11 15:13:05,032 INFO org.springframework.data.repository.config.RepositoryConfigurationDelegate [main] Multiple Spring Data modules found, entering strict repository configuration mode
2022-11-11 15:13:05,036 INFO org.springframework.data.repository.config.RepositoryConfigurationDelegate [main] Bootstrapping Spring Data JPA repositories in DEFAULT mode.
2022-11-11 15:13:05,194 INFO org.springframework.data.repository.config.RepositoryConfigurationDelegate [main] Finished Spring Data repository scanning in 149 ms. Found 2 JPA repository interfaces.
2022-11-11 15:13:05,207 INFO org.springframework.data.repository.config.RepositoryConfigurationDelegate [main] Multiple Spring Data modules found, entering strict repository configuration mode
2022-11-11 15:13:05,209 INFO org.springframework.data.repository.config.RepositoryConfigurationDelegate [main] Bootstrapping Spring Data Redis repositories in DEFAULT mode.
2022-11-11 15:13:05,226 INFO org.springframework.data.repository.config.RepositoryConfigurationExtensionSupport [main] Spring Data Redis - Could not safely identify store assignment for repository candidate interface com.boilerplate.modules.account.infra.MemberRepository; If you want this repository to be a Redis repository, consider annotating your entities with one of these annotations: org.springframework.data.redis.core.RedisHash (preferred), or consider extending one of the following types with your repository: org.springframework.data.keyvalue.repository.KeyValueRepository
2022-11-11 15:13:05,227 INFO org.springframework.data.repository.config.RepositoryConfigurationExtensionSupport [main] Spring Data Redis - Could not safely identify store assignment for repository candidate interface com.boilerplate.modules.board.infra.BoardRepository; If you want this repository to be a Redis repository, consider annotating your entities with one of these annotations: org.springframework.data.redis.core.RedisHash (preferred), or consider extending one of the following types with your repository: org.springframework.data.keyvalue.repository.KeyValueRepository
2022-11-11 15:13:05,227 INFO org.springframework.data.repository.config.RepositoryConfigurationDelegate [main] Finished Spring Data repository scanning in 10 ms. Found 0 Redis repository interfaces.
2022-11-11 15:13:05,766 INFO org.springframework.boot.web.embedded.tomcat.TomcatWebServer [main] Tomcat initialized with port(s): 8080 (http)
2022-11-11 15:13:05,775 INFO org.apache.juli.logging.DirectJDKLog [main] Starting service [Tomcat]
2022-11-11 15:13:05,775 INFO org.apache.juli.logging.DirectJDKLog [main] Starting Servlet engine: [Apache Tomcat/9.0.68]
2022-11-11 15:13:05,917 INFO org.apache.juli.logging.DirectJDKLog [main] Initializing Spring embedded WebApplicationContext
2022-11-11 15:13:05,918 INFO org.springframework.boot.web.servlet.context.ServletWebServerApplicationContext [main] Root WebApplicationContext: initialization completed in 1467 ms
2022-11-11 15:13:06,078 INFO org.hibernate.jpa.internal.util.LogHelper [main] HHH000204: Processing PersistenceUnitInfo [name: default]
2022-11-11 15:13:06,111 INFO org.hibernate.Version [main] HHH000412: Hibernate ORM core version 5.6.12.Final
2022-11-11 15:13:06,291 INFO org.hibernate.annotations.common.reflection.java.JavaReflectionManager [main] HCANN000001: Hibernate Commons Annotations {5.1.2.Final}
2022-11-11 15:13:06,358 INFO com.zaxxer.hikari.HikariDataSource [main] HikariPool-1 - Starting...
2022-11-11 15:13:06,423 INFO com.zaxxer.hikari.pool.PoolBase [main] HikariPool-1 - Driver does not support get/set network timeout for connections. (Receiver class org.h2.jdbc.JdbcConnection does not define or inherit an implementation of the resolved method 'abstract int getNetworkTimeout()' of interface java.sql.Connection.)
2022-11-11 15:13:06,430 INFO com.zaxxer.hikari.HikariDataSource [main] HikariPool-1 - Start completed.
2022-11-11 15:13:06,449 INFO org.hibernate.dialect.Dialect [main] HHH000400: Using dialect: org.hibernate.dialect.H2Dialect
2022-11-11 15:13:06,453 WARN org.hibernate.dialect.H2Dialect [main] HHH000393: The 1.0.60 version of H2 implements temporary table creation such that it commits current transaction; multi-table, bulk hql/jpaql will not work properly
2022-11-11 15:13:06,983 INFO org.hibernate.engine.transaction.jta.platform.internal.JtaPlatformInitiator [main] HHH000490: Using JtaPlatform implementation: [org.hibernate.engine.transaction.jta.platform.internal.NoJtaPlatform]
2022-11-11 15:13:06,991 INFO org.springframework.orm.jpa.AbstractEntityManagerFactoryBean [main] Initialized JPA EntityManagerFactory for persistence unit 'default'
2022-11-11 15:13:07,315 WARN org.springframework.boot.autoconfigure.orm.jpa.JpaBaseConfiguration$JpaWebConfiguration [main] spring.jpa.open-in-view is enabled by default. Therefore, database queries may be performed during view rendering. Explicitly configure spring.jpa.open-in-view to disable this warning
2022-11-11 15:13:07,728 WARN org.springframework.security.config.annotation.web.builders.WebSecurity [main] You are asking Spring Security to ignore Ant [pattern='/h2-console/**']. This is not recommended -- please use permitAll via HttpSecurity#authorizeHttpRequests instead.
2022-11-11 15:13:07,729 INFO org.springframework.security.web.DefaultSecurityFilterChain [main] Will not secure Ant [pattern='/h2-console/**']
2022-11-11 15:13:07,729 WARN org.springframework.security.config.annotation.web.builders.WebSecurity [main] You are asking Spring Security to ignore Ant [pattern='/api-docs/**']. This is not recommended -- please use permitAll via HttpSecurity#authorizeHttpRequests instead.
2022-11-11 15:13:07,729 INFO org.springframework.security.web.DefaultSecurityFilterChain [main] Will not secure Ant [pattern='/api-docs/**']
2022-11-11 15:13:07,729 WARN org.springframework.security.config.annotation.web.builders.WebSecurity [main] You are asking Spring Security to ignore Ant [pattern='/swagger-ui/**']. This is not recommended -- please use permitAll via HttpSecurity#authorizeHttpRequests instead.
2022-11-11 15:13:07,729 INFO org.springframework.security.web.DefaultSecurityFilterChain [main] Will not secure Ant [pattern='/swagger-ui/**']
2022-11-11 15:13:07,801 DEBUG org.springframework.web.servlet.handler.AbstractHandlerMethodMapping [main] 14 mappings in 'requestMappingHandlerMapping'
2022-11-11 15:13:08,863 DEBUG org.springframework.web.servlet.handler.SimpleUrlHandlerMapping [main] Patterns [/webjars/**, /**, /swagger-ui*/**] in 'resourceHandlerMapping'
2022-11-11 15:13:08,867 INFO org.springframework.security.web.DefaultSecurityFilterChain [main] Will secure any request with [org.springframework.security.web.session.DisableEncodeUrlFilter@6f7e5e11, org.springframework.security.web.context.request.async.WebAsyncManagerIntegrationFilter@7bb996e0, org.springframework.security.web.context.SecurityContextPersistenceFilter@2a41d17a, org.springframework.security.web.header.HeaderWriterFilter@30d3f583, org.springframework.web.filter.CorsFilter@da2303c, org.springframework.security.web.authentication.logout.LogoutFilter@1e3689e7, com.boilerplate.security.filter.FormLoginFilter@5b4880b3, com.boilerplate.security.filter.JwtAuthFilter@72b60be8, org.springframework.security.web.savedrequest.RequestCacheAwareFilter@3b22bcad, org.springframework.security.web.servletapi.SecurityContextHolderAwareRequestFilter@11f752d1, org.springframework.security.web.authentication.AnonymousAuthenticationFilter@6f254d79, org.springframework.security.web.session.SessionManagementFilter@73b034ca, org.springframework.security.web.access.ExceptionTranslationFilter@e09c7a2, org.springframework.security.web.access.intercept.FilterSecurityInterceptor@64864875]
2022-11-11 15:13:08,915 DEBUG org.springframework.web.servlet.mvc.method.annotation.RequestMappingHandlerAdapter [main] ControllerAdvice beans: 0 @ModelAttribute, 0 @InitBinder, 1 RequestBodyAdvice, 1 ResponseBodyAdvice
2022-11-11 15:13:08,942 DEBUG org.springframework.web.servlet.mvc.method.annotation.ExceptionHandlerExceptionResolver [main] ControllerAdvice beans: 2 @ExceptionHandler, 1 ResponseBodyAdvice
2022-11-11 15:13:09,105 WARN org.springframework.context.support.AbstractApplicationContext [main] Exception encountered during context initialization - cancelling refresh attempt: org.springframework.context.ApplicationContextException: Failed to start bean 'webServerStartStop'; nested exception is org.springframework.boot.web.server.PortInUseException: Port 8080 is already in use
2022-11-11 15:13:09,119 INFO org.springframework.orm.jpa.AbstractEntityManagerFactoryBean [main] Closing JPA EntityManagerFactory for persistence unit 'default'
2022-11-11 15:13:09,120 INFO com.zaxxer.hikari.HikariDataSource [main] HikariPool-1 - Shutdown initiated...
2022-11-11 15:13:09,123 INFO com.zaxxer.hikari.HikariDataSource [main] HikariPool-1 - Shutdown completed.
2022-11-11 15:13:09,125 INFO org.apache.juli.logging.DirectJDKLog [main] Stopping service [Tomcat]
2022-11-11 15:13:09,136 INFO org.springframework.boot.autoconfigure.logging.ConditionEvaluationReportLoggingListener [main] 

Error starting ApplicationContext. To display the conditions report re-run your application with 'debug' enabled.
2022-11-11 15:13:09,153 ERROR org.springframework.boot.diagnostics.LoggingFailureAnalysisReporter [main] 

***************************
APPLICATION FAILED TO START
***************************

Description:

Web server failed to start. Port 8080 was already in use.

Action:

Identify and stop the process that's listening on port 8080 or configure this application to listen on another port.

2022-11-11 15:13:17,242 INFO org.springframework.boot.StartupInfoLogger [main] Starting BoilerPlateApplication using Java 11.0.15 on Kang-YongHo-MacBookPro.local with PID 15484 (/Users/dlo/IdeaProjects/jiman-board/build/classes/java/main started by dlo in /Users/dlo/IdeaProjects/jiman-board)
2022-11-11 15:13:17,247 INFO org.springframework.boot.SpringApplication [main] No active profile set, falling back to 1 default profile: "default"
2022-11-11 15:13:17,965 INFO org.springframework.data.repository.config.RepositoryConfigurationDelegate [main] Multiple Spring Data modules found, entering strict repository configuration mode
2022-11-11 15:13:17,970 INFO org.springframework.data.repository.config.RepositoryConfigurationDelegate [main] Bootstrapping Spring Data JPA repositories in DEFAULT mode.
2022-11-11 15:13:18,126 INFO org.springframework.data.repository.config.RepositoryConfigurationDelegate [main] Finished Spring Data repository scanning in 147 ms. Found 2 JPA repository interfaces.
2022-11-11 15:13:18,138 INFO org.springframework.data.repository.config.RepositoryConfigurationDelegate [main] Multiple Spring Data modules found, entering strict repository configuration mode
2022-11-11 15:13:18,139 INFO org.springframework.data.repository.config.RepositoryConfigurationDelegate [main] Bootstrapping Spring Data Redis repositories in DEFAULT mode.
2022-11-11 15:13:18,150 INFO org.springframework.data.repository.config.RepositoryConfigurationExtensionSupport [main] Spring Data Redis - Could not safely identify store assignment for repository candidate interface com.boilerplate.modules.account.infra.MemberRepository; If you want this repository to be a Redis repository, consider annotating your entities with one of these annotations: org.springframework.data.redis.core.RedisHash (preferred), or consider extending one of the following types with your repository: org.springframework.data.keyvalue.repository.KeyValueRepository
2022-11-11 15:13:18,151 INFO org.springframework.data.repository.config.RepositoryConfigurationExtensionSupport [main] Spring Data Redis - Could not safely identify store assignment for repository candidate interface com.boilerplate.modules.board.infra.BoardRepository; If you want this repository to be a Redis repository, consider annotating your entities with one of these annotations: org.springframework.data.redis.core.RedisHash (preferred), or consider extending one of the following types with your repository: org.springframework.data.keyvalue.repository.KeyValueRepository
2022-11-11 15:13:18,151 INFO org.springframework.data.repository.config.RepositoryConfigurationDelegate [main] Finished Spring Data repository scanning in 7 ms. Found 0 Redis repository interfaces.
2022-11-11 15:13:18,812 INFO org.springframework.boot.web.embedded.tomcat.TomcatWebServer [main] Tomcat initialized with port(s): 8080 (http)
2022-11-11 15:13:18,826 INFO org.apache.juli.logging.DirectJDKLog [main] Starting service [Tomcat]
2022-11-11 15:13:18,826 INFO org.apache.juli.logging.DirectJDKLog [main] Starting Servlet engine: [Apache Tomcat/9.0.68]
2022-11-11 15:13:19,018 INFO org.apache.juli.logging.DirectJDKLog [main] Initializing Spring embedded WebApplicationContext
2022-11-11 15:13:19,019 INFO org.springframework.boot.web.servlet.context.ServletWebServerApplicationContext [main] Root WebApplicationContext: initialization completed in 1724 ms
2022-11-11 15:13:19,228 INFO org.hibernate.jpa.internal.util.LogHelper [main] HHH000204: Processing PersistenceUnitInfo [name: default]
2022-11-11 15:13:19,276 INFO org.hibernate.Version [main] HHH000412: Hibernate ORM core version 5.6.12.Final
2022-11-11 15:13:19,492 INFO org.hibernate.annotations.common.reflection.java.JavaReflectionManager [main] HCANN000001: Hibernate Commons Annotations {5.1.2.Final}
2022-11-11 15:13:19,591 INFO com.zaxxer.hikari.HikariDataSource [main] HikariPool-1 - Starting...
2022-11-11 15:13:19,672 INFO com.zaxxer.hikari.pool.PoolBase [main] HikariPool-1 - Driver does not support get/set network timeout for connections. (Receiver class org.h2.jdbc.JdbcConnection does not define or inherit an implementation of the resolved method 'abstract int getNetworkTimeout()' of interface java.sql.Connection.)
2022-11-11 15:13:19,681 INFO com.zaxxer.hikari.HikariDataSource [main] HikariPool-1 - Start completed.
2022-11-11 15:13:19,712 INFO org.hibernate.dialect.Dialect [main] HHH000400: Using dialect: org.hibernate.dialect.H2Dialect
2022-11-11 15:13:19,719 WARN org.hibernate.dialect.H2Dialect [main] HHH000393: The 1.0.60 version of H2 implements temporary table creation such that it commits current transaction; multi-table, bulk hql/jpaql will not work properly
2022-11-11 15:13:20,393 INFO org.hibernate.engine.transaction.jta.platform.internal.JtaPlatformInitiator [main] HHH000490: Using JtaPlatform implementation: [org.hibernate.engine.transaction.jta.platform.internal.NoJtaPlatform]
2022-11-11 15:13:20,398 INFO org.springframework.orm.jpa.AbstractEntityManagerFactoryBean [main] Initialized JPA EntityManagerFactory for persistence unit 'default'
2022-11-11 15:13:20,775 WARN org.springframework.boot.autoconfigure.orm.jpa.JpaBaseConfiguration$JpaWebConfiguration [main] spring.jpa.open-in-view is enabled by default. Therefore, database queries may be performed during view rendering. Explicitly configure spring.jpa.open-in-view to disable this warning
2022-11-11 15:13:21,332 WARN org.springframework.security.config.annotation.web.builders.WebSecurity [main] You are asking Spring Security to ignore Ant [pattern='/h2-console/**']. This is not recommended -- please use permitAll via HttpSecurity#authorizeHttpRequests instead.
2022-11-11 15:13:21,333 INFO org.springframework.security.web.DefaultSecurityFilterChain [main] Will not secure Ant [pattern='/h2-console/**']
2022-11-11 15:13:21,334 WARN org.springframework.security.config.annotation.web.builders.WebSecurity [main] You are asking Spring Security to ignore Ant [pattern='/api-docs/**']. This is not recommended -- please use permitAll via HttpSecurity#authorizeHttpRequests instead.
2022-11-11 15:13:21,334 INFO org.springframework.security.web.DefaultSecurityFilterChain [main] Will not secure Ant [pattern='/api-docs/**']
2022-11-11 15:13:21,334 WARN org.springframework.security.config.annotation.web.builders.WebSecurity [main] You are asking Spring Security to ignore Ant [pattern='/swagger-ui/**']. This is not recommended -- please use permitAll via HttpSecurity#authorizeHttpRequests instead.
2022-11-11 15:13:21,334 INFO org.springframework.security.web.DefaultSecurityFilterChain [main] Will not secure Ant [pattern='/swagger-ui/**']
2022-11-11 15:13:21,436 DEBUG org.springframework.web.servlet.handler.AbstractHandlerMethodMapping [main] 14 mappings in 'requestMappingHandlerMapping'
2022-11-11 15:13:22,621 DEBUG org.springframework.web.servlet.handler.SimpleUrlHandlerMapping [main] Patterns [/webjars/**, /**, /swagger-ui*/**] in 'resourceHandlerMapping'
2022-11-11 15:13:22,624 INFO org.springframework.security.web.DefaultSecurityFilterChain [main] Will secure any request with [org.springframework.security.web.session.DisableEncodeUrlFilter@6a94bd69, org.springframework.security.web.context.request.async.WebAsyncManagerIntegrationFilter@5f4f198c, org.springframework.security.web.context.SecurityContextPersistenceFilter@1f062e10, org.springframework.security.web.header.HeaderWriterFilter@11f752d1, org.springframework.web.filter.CorsFilter@7966a964, org.springframework.security.web.authentication.logout.LogoutFilter@5c438795, com.boilerplate.security.filter.FormLoginFilter@3a6409ec, com.boilerplate.security.filter.JwtAuthFilter@7b6e196e, org.springframework.security.web.savedrequest.RequestCacheAwareFilter@6a08113d, org.springframework.security.web.servletapi.SecurityContextHolderAwareRequestFilter@109f95b1, org.springframework.security.web.authentication.AnonymousAuthenticationFilter@34de8c9f, org.springframework.security.web.session.SessionManagementFilter@462deb2b, org.springframework.security.web.access.ExceptionTranslationFilter@2257590f, org.springframework.security.web.access.intercept.FilterSecurityInterceptor@42eaf47f]
2022-11-11 15:13:22,670 DEBUG org.springframework.web.servlet.mvc.method.annotation.RequestMappingHandlerAdapter [main] ControllerAdvice beans: 0 @ModelAttribute, 0 @InitBinder, 1 RequestBodyAdvice, 1 ResponseBodyAdvice
2022-11-11 15:13:22,706 DEBUG org.springframework.web.servlet.mvc.method.annotation.ExceptionHandlerExceptionResolver [main] ControllerAdvice beans: 2 @ExceptionHandler, 1 ResponseBodyAdvice
2022-11-11 15:13:22,957 WARN org.springframework.context.support.AbstractApplicationContext [main] Exception encountered during context initialization - cancelling refresh attempt: org.springframework.context.ApplicationContextException: Failed to start bean 'webServerStartStop'; nested exception is org.springframework.boot.web.server.PortInUseException: Port 8080 is already in use
2022-11-11 15:13:22,977 INFO org.springframework.orm.jpa.AbstractEntityManagerFactoryBean [main] Closing JPA EntityManagerFactory for persistence unit 'default'
2022-11-11 15:13:22,978 INFO com.zaxxer.hikari.HikariDataSource [main] HikariPool-1 - Shutdown initiated...
2022-11-11 15:13:22,982 INFO com.zaxxer.hikari.HikariDataSource [main] HikariPool-1 - Shutdown completed.
2022-11-11 15:13:22,984 INFO org.apache.juli.logging.DirectJDKLog [main] Stopping service [Tomcat]
2022-11-11 15:13:22,996 INFO org.springframework.boot.autoconfigure.logging.ConditionEvaluationReportLoggingListener [main] 

Error starting ApplicationContext. To display the conditions report re-run your application with 'debug' enabled.
2022-11-11 15:13:23,013 ERROR org.springframework.boot.diagnostics.LoggingFailureAnalysisReporter [main] 

***************************
APPLICATION FAILED TO START
***************************

Description:

Web server failed to start. Port 8080 was already in use.

Action:

Identify and stop the process that's listening on port 8080 or configure this application to listen on another port.

2022-11-11 15:13:23,889 INFO org.springframework.orm.jpa.AbstractEntityManagerFactoryBean [SpringApplicationShutdownHook] Closing JPA EntityManagerFactory for persistence unit 'default'
2022-11-11 15:13:23,892 INFO com.zaxxer.hikari.HikariDataSource [SpringApplicationShutdownHook] HikariPool-1 - Shutdown initiated...
2022-11-11 15:13:23,894 INFO com.zaxxer.hikari.HikariDataSource [SpringApplicationShutdownHook] HikariPool-1 - Shutdown completed.
2022-11-11 15:13:26,742 INFO org.springframework.boot.StartupInfoLogger [main] Starting BoilerPlateApplication using Java 11.0.15 on Kang-YongHo-MacBookPro.local with PID 15495 (/Users/dlo/IdeaProjects/jiman-board/build/classes/java/main started by dlo in /Users/dlo/IdeaProjects/jiman-board)
2022-11-11 15:13:26,745 INFO org.springframework.boot.SpringApplication [main] No active profile set, falling back to 1 default profile: "default"
2022-11-11 15:13:27,348 INFO org.springframework.data.repository.config.RepositoryConfigurationDelegate [main] Multiple Spring Data modules found, entering strict repository configuration mode
2022-11-11 15:13:27,348 INFO org.springframework.data.repository.config.RepositoryConfigurationDelegate [main] Bootstrapping Spring Data JPA repositories in DEFAULT mode.
2022-11-11 15:13:27,398 INFO org.springframework.data.repository.config.RepositoryConfigurationDelegate [main] Finished Spring Data repository scanning in 44 ms. Found 2 JPA repository interfaces.
2022-11-11 15:13:27,408 INFO org.springframework.data.repository.config.RepositoryConfigurationDelegate [main] Multiple Spring Data modules found, entering strict repository configuration mode
2022-11-11 15:13:27,409 INFO org.springframework.data.repository.config.RepositoryConfigurationDelegate [main] Bootstrapping Spring Data Redis repositories in DEFAULT mode.
2022-11-11 15:13:27,420 INFO org.springframework.data.repository.config.RepositoryConfigurationExtensionSupport [main] Spring Data Redis - Could not safely identify store assignment for repository candidate interface com.boilerplate.modules.account.infra.MemberRepository; If you want this repository to be a Redis repository, consider annotating your entities with one of these annotations: org.springframework.data.redis.core.RedisHash (preferred), or consider extending one of the following types with your repository: org.springframework.data.keyvalue.repository.KeyValueRepository
2022-11-11 15:13:27,421 INFO org.springframework.data.repository.config.RepositoryConfigurationExtensionSupport [main] Spring Data Redis - Could not safely identify store assignment for repository candidate interface com.boilerplate.modules.board.infra.BoardRepository; If you want this repository to be a Redis repository, consider annotating your entities with one of these annotations: org.springframework.data.redis.core.RedisHash (preferred), or consider extending one of the following types with your repository: org.springframework.data.keyvalue.repository.KeyValueRepository
2022-11-11 15:13:27,421 INFO org.springframework.data.repository.config.RepositoryConfigurationDelegate [main] Finished Spring Data repository scanning in 6 ms. Found 0 Redis repository interfaces.
2022-11-11 15:13:27,826 INFO org.springframework.boot.web.embedded.tomcat.TomcatWebServer [main] Tomcat initialized with port(s): 8080 (http)
2022-11-11 15:13:27,833 INFO org.apache.juli.logging.DirectJDKLog [main] Starting service [Tomcat]
2022-11-11 15:13:27,833 INFO org.apache.juli.logging.DirectJDKLog [main] Starting Servlet engine: [Apache Tomcat/9.0.68]
2022-11-11 15:13:27,945 INFO org.apache.juli.logging.DirectJDKLog [main] Initializing Spring embedded WebApplicationContext
2022-11-11 15:13:27,945 INFO org.springframework.boot.web.servlet.context.ServletWebServerApplicationContext [main] Root WebApplicationContext: initialization completed in 1155 ms
2022-11-11 15:13:28,056 INFO org.hibernate.jpa.internal.util.LogHelper [main] HHH000204: Processing PersistenceUnitInfo [name: default]
2022-11-11 15:13:28,091 INFO org.hibernate.Version [main] HHH000412: Hibernate ORM core version 5.6.12.Final
2022-11-11 15:13:28,180 INFO org.hibernate.annotations.common.reflection.java.JavaReflectionManager [main] HCANN000001: Hibernate Commons Annotations {5.1.2.Final}
2022-11-11 15:13:28,224 INFO com.zaxxer.hikari.HikariDataSource [main] HikariPool-1 - Starting...
2022-11-11 15:13:28,247 INFO com.zaxxer.hikari.pool.PoolBase [main] HikariPool-1 - Driver does not support get/set network timeout for connections. (Receiver class org.h2.jdbc.JdbcConnection does not define or inherit an implementation of the resolved method 'abstract int getNetworkTimeout()' of interface java.sql.Connection.)
2022-11-11 15:13:28,252 INFO com.zaxxer.hikari.HikariDataSource [main] HikariPool-1 - Start completed.
2022-11-11 15:13:28,261 INFO org.hibernate.dialect.Dialect [main] HHH000400: Using dialect: org.hibernate.dialect.H2Dialect
2022-11-11 15:13:28,265 WARN org.hibernate.dialect.H2Dialect [main] HHH000393: The 1.0.60 version of H2 implements temporary table creation such that it commits current transaction; multi-table, bulk hql/jpaql will not work properly
2022-11-11 15:13:28,633 INFO org.hibernate.engine.transaction.jta.platform.internal.JtaPlatformInitiator [main] HHH000490: Using JtaPlatform implementation: [org.hibernate.engine.transaction.jta.platform.internal.NoJtaPlatform]
2022-11-11 15:13:28,637 INFO org.springframework.orm.jpa.AbstractEntityManagerFactoryBean [main] Initialized JPA EntityManagerFactory for persistence unit 'default'
2022-11-11 15:13:28,884 WARN org.springframework.boot.autoconfigure.orm.jpa.JpaBaseConfiguration$JpaWebConfiguration [main] spring.jpa.open-in-view is enabled by default. Therefore, database queries may be performed during view rendering. Explicitly configure spring.jpa.open-in-view to disable this warning
2022-11-11 15:13:29,203 WARN org.springframework.security.config.annotation.web.builders.WebSecurity [main] You are asking Spring Security to ignore Ant [pattern='/h2-console/**']. This is not recommended -- please use permitAll via HttpSecurity#authorizeHttpRequests instead.
2022-11-11 15:13:29,204 INFO org.springframework.security.web.DefaultSecurityFilterChain [main] Will not secure Ant [pattern='/h2-console/**']
2022-11-11 15:13:29,204 WARN org.springframework.security.config.annotation.web.builders.WebSecurity [main] You are asking Spring Security to ignore Ant [pattern='/api-docs/**']. This is not recommended -- please use permitAll via HttpSecurity#authorizeHttpRequests instead.
2022-11-11 15:13:29,204 INFO org.springframework.security.web.DefaultSecurityFilterChain [main] Will not secure Ant [pattern='/api-docs/**']
2022-11-11 15:13:29,204 WARN org.springframework.security.config.annotation.web.builders.WebSecurity [main] You are asking Spring Security to ignore Ant [pattern='/swagger-ui/**']. This is not recommended -- please use permitAll via HttpSecurity#authorizeHttpRequests instead.
2022-11-11 15:13:29,204 INFO org.springframework.security.web.DefaultSecurityFilterChain [main] Will not secure Ant [pattern='/swagger-ui/**']
2022-11-11 15:13:29,262 DEBUG org.springframework.web.servlet.handler.AbstractHandlerMethodMapping [main] 14 mappings in 'requestMappingHandlerMapping'
2022-11-11 15:13:29,786 DEBUG org.springframework.web.servlet.handler.SimpleUrlHandlerMapping [main] Patterns [/webjars/**, /**, /swagger-ui*/**] in 'resourceHandlerMapping'
2022-11-11 15:13:29,791 INFO org.springframework.security.web.DefaultSecurityFilterChain [main] Will secure any request with [org.springframework.security.web.session.DisableEncodeUrlFilter@7ec729be, org.springframework.security.web.context.request.async.WebAsyncManagerIntegrationFilter@4f7da3a2, org.springframework.security.web.context.SecurityContextPersistenceFilter@2162598, org.springframework.security.web.header.HeaderWriterFilter@60510791, org.springframework.web.filter.CorsFilter@24ea71d, org.springframework.security.web.authentication.logout.LogoutFilter@2662e3ff, com.boilerplate.security.filter.FormLoginFilter@10f192d8, com.boilerplate.security.filter.JwtAuthFilter@76055d02, org.springframework.security.web.savedrequest.RequestCacheAwareFilter@4598961d, org.springframework.security.web.servletapi.SecurityContextHolderAwareRequestFilter@9fd5dd0, org.springframework.security.web.authentication.AnonymousAuthenticationFilter@31c800a5, org.springframework.security.web.session.SessionManagementFilter@a1689e8, org.springframework.security.web.access.ExceptionTranslationFilter@1bcca516, org.springframework.security.web.access.intercept.FilterSecurityInterceptor@8bd9d08]
2022-11-11 15:13:29,828 DEBUG org.springframework.web.servlet.mvc.method.annotation.RequestMappingHandlerAdapter [main] ControllerAdvice beans: 0 @ModelAttribute, 0 @InitBinder, 1 RequestBodyAdvice, 1 ResponseBodyAdvice
2022-11-11 15:13:29,847 DEBUG org.springframework.web.servlet.mvc.method.annotation.ExceptionHandlerExceptionResolver [main] ControllerAdvice beans: 2 @ExceptionHandler, 1 ResponseBodyAdvice
2022-11-11 15:13:30,020 INFO org.springframework.boot.web.embedded.tomcat.TomcatWebServer [main] Tomcat started on port(s): 8080 (http) with context path ''
2022-11-11 15:13:30,031 INFO org.springframework.boot.StartupInfoLogger [main] Started BoilerPlateApplication in 3.661 seconds (JVM running for 4.581)
2022-11-11 15:18:04,997 INFO org.springframework.orm.jpa.AbstractEntityManagerFactoryBean [SpringApplicationShutdownHook] Closing JPA EntityManagerFactory for persistence unit 'default'
2022-11-11 15:18:04,999 INFO com.zaxxer.hikari.HikariDataSource [SpringApplicationShutdownHook] HikariPool-1 - Shutdown initiated...
2022-11-11 15:18:05,000 INFO com.zaxxer.hikari.HikariDataSource [SpringApplicationShutdownHook] HikariPool-1 - Shutdown completed.
2022-11-11 15:18:07,737 INFO org.springframework.boot.StartupInfoLogger [main] Starting BoilerPlateApplication using Java 11.0.15 on Kang-YongHo-MacBookPro.local with PID 15967 (/Users/dlo/IdeaProjects/jiman-board/build/classes/java/main started by dlo in /Users/dlo/IdeaProjects/jiman-board)
2022-11-11 15:18:07,740 INFO org.springframework.boot.SpringApplication [main] No active profile set, falling back to 1 default profile: "default"
2022-11-11 15:18:08,348 INFO org.springframework.data.repository.config.RepositoryConfigurationDelegate [main] Multiple Spring Data modules found, entering strict repository configuration mode
2022-11-11 15:18:08,349 INFO org.springframework.data.repository.config.RepositoryConfigurationDelegate [main] Bootstrapping Spring Data JPA repositories in DEFAULT mode.
2022-11-11 15:18:08,404 INFO org.springframework.data.repository.config.RepositoryConfigurationDelegate [main] Finished Spring Data repository scanning in 46 ms. Found 2 JPA repository interfaces.
2022-11-11 15:18:08,415 INFO org.springframework.data.repository.config.RepositoryConfigurationDelegate [main] Multiple Spring Data modules found, entering strict repository configuration mode
2022-11-11 15:18:08,416 INFO org.springframework.data.repository.config.RepositoryConfigurationDelegate [main] Bootstrapping Spring Data Redis repositories in DEFAULT mode.
2022-11-11 15:18:08,426 INFO org.springframework.data.repository.config.RepositoryConfigurationExtensionSupport [main] Spring Data Redis - Could not safely identify store assignment for repository candidate interface com.boilerplate.modules.account.infra.MemberRepository; If you want this repository to be a Redis repository, consider annotating your entities with one of these annotations: org.springframework.data.redis.core.RedisHash (preferred), or consider extending one of the following types with your repository: org.springframework.data.keyvalue.repository.KeyValueRepository
2022-11-11 15:18:08,427 INFO org.springframework.data.repository.config.RepositoryConfigurationExtensionSupport [main] Spring Data Redis - Could not safely identify store assignment for repository candidate interface com.boilerplate.modules.board.infra.BoardRepository; If you want this repository to be a Redis repository, consider annotating your entities with one of these annotations: org.springframework.data.redis.core.RedisHash (preferred), or consider extending one of the following types with your repository: org.springframework.data.keyvalue.repository.KeyValueRepository
2022-11-11 15:18:08,427 INFO org.springframework.data.repository.config.RepositoryConfigurationDelegate [main] Finished Spring Data repository scanning in 6 ms. Found 0 Redis repository interfaces.
2022-11-11 15:18:08,829 INFO org.springframework.boot.web.embedded.tomcat.TomcatWebServer [main] Tomcat initialized with port(s): 8080 (http)
2022-11-11 15:18:08,836 INFO org.apache.juli.logging.DirectJDKLog [main] Starting service [Tomcat]
2022-11-11 15:18:08,837 INFO org.apache.juli.logging.DirectJDKLog [main] Starting Servlet engine: [Apache Tomcat/9.0.68]
2022-11-11 15:18:08,946 INFO org.apache.juli.logging.DirectJDKLog [main] Initializing Spring embedded WebApplicationContext
2022-11-11 15:18:08,947 INFO org.springframework.boot.web.servlet.context.ServletWebServerApplicationContext [main] Root WebApplicationContext: initialization completed in 1171 ms
2022-11-11 15:18:09,061 INFO org.hibernate.jpa.internal.util.LogHelper [main] HHH000204: Processing PersistenceUnitInfo [name: default]
2022-11-11 15:18:09,089 INFO org.hibernate.Version [main] HHH000412: Hibernate ORM core version 5.6.12.Final
2022-11-11 15:18:09,190 INFO org.hibernate.annotations.common.reflection.java.JavaReflectionManager [main] HCANN000001: Hibernate Commons Annotations {5.1.2.Final}
2022-11-11 15:18:09,233 INFO com.zaxxer.hikari.HikariDataSource [main] HikariPool-1 - Starting...
2022-11-11 15:18:09,256 INFO com.zaxxer.hikari.pool.PoolBase [main] HikariPool-1 - Driver does not support get/set network timeout for connections. (Receiver class org.h2.jdbc.JdbcConnection does not define or inherit an implementation of the resolved method 'abstract int getNetworkTimeout()' of interface java.sql.Connection.)
2022-11-11 15:18:09,263 INFO com.zaxxer.hikari.HikariDataSource [main] HikariPool-1 - Start completed.
2022-11-11 15:18:09,275 INFO org.hibernate.dialect.Dialect [main] HHH000400: Using dialect: org.hibernate.dialect.H2Dialect
2022-11-11 15:18:09,279 WARN org.hibernate.dialect.H2Dialect [main] HHH000393: The 1.0.60 version of H2 implements temporary table creation such that it commits current transaction; multi-table, bulk hql/jpaql will not work properly
2022-11-11 15:18:09,640 INFO org.hibernate.engine.transaction.jta.platform.internal.JtaPlatformInitiator [main] HHH000490: Using JtaPlatform implementation: [org.hibernate.engine.transaction.jta.platform.internal.NoJtaPlatform]
2022-11-11 15:18:09,645 INFO org.springframework.orm.jpa.AbstractEntityManagerFactoryBean [main] Initialized JPA EntityManagerFactory for persistence unit 'default'
2022-11-11 15:18:09,907 WARN org.springframework.boot.autoconfigure.orm.jpa.JpaBaseConfiguration$JpaWebConfiguration [main] spring.jpa.open-in-view is enabled by default. Therefore, database queries may be performed during view rendering. Explicitly configure spring.jpa.open-in-view to disable this warning
2022-11-11 15:18:10,214 WARN org.springframework.security.config.annotation.web.builders.WebSecurity [main] You are asking Spring Security to ignore Ant [pattern='/h2-console/**']. This is not recommended -- please use permitAll via HttpSecurity#authorizeHttpRequests instead.
2022-11-11 15:18:10,214 INFO org.springframework.security.web.DefaultSecurityFilterChain [main] Will not secure Ant [pattern='/h2-console/**']
2022-11-11 15:18:10,214 WARN org.springframework.security.config.annotation.web.builders.WebSecurity [main] You are asking Spring Security to ignore Ant [pattern='/api-docs/**']. This is not recommended -- please use permitAll via HttpSecurity#authorizeHttpRequests instead.
2022-11-11 15:18:10,214 INFO org.springframework.security.web.DefaultSecurityFilterChain [main] Will not secure Ant [pattern='/api-docs/**']
2022-11-11 15:18:10,214 WARN org.springframework.security.config.annotation.web.builders.WebSecurity [main] You are asking Spring Security to ignore Ant [pattern='/swagger-ui/**']. This is not recommended -- please use permitAll via HttpSecurity#authorizeHttpRequests instead.
2022-11-11 15:18:10,215 INFO org.springframework.security.web.DefaultSecurityFilterChain [main] Will not secure Ant [pattern='/swagger-ui/**']
2022-11-11 15:18:10,278 DEBUG org.springframework.web.servlet.handler.AbstractHandlerMethodMapping [main] 14 mappings in 'requestMappingHandlerMapping'
2022-11-11 15:18:10,787 DEBUG org.springframework.web.servlet.handler.SimpleUrlHandlerMapping [main] Patterns [/webjars/**, /**, /swagger-ui*/**] in 'resourceHandlerMapping'
2022-11-11 15:18:10,791 INFO org.springframework.security.web.DefaultSecurityFilterChain [main] Will secure any request with [org.springframework.security.web.session.DisableEncodeUrlFilter@64ff0eaa, org.springframework.security.web.context.request.async.WebAsyncManagerIntegrationFilter@401b7226, org.springframework.security.web.context.SecurityContextPersistenceFilter@7c928399, org.springframework.security.web.header.HeaderWriterFilter@7212b28e, org.springframework.web.filter.CorsFilter@1b62ad1e, org.springframework.security.web.authentication.logout.LogoutFilter@69efdfd9, com.boilerplate.security.filter.FormLoginFilter@4d7f9b33, com.boilerplate.security.filter.JwtAuthFilter@714a4ba2, org.springframework.security.web.savedrequest.RequestCacheAwareFilter@cef23a8, org.springframework.security.web.servletapi.SecurityContextHolderAwareRequestFilter@23b3afb4, org.springframework.security.web.authentication.AnonymousAuthenticationFilter@6ddc817f, org.springframework.security.web.session.SessionManagementFilter@87df88d, org.springframework.security.web.access.ExceptionTranslationFilter@4ac26092, org.springframework.security.web.access.intercept.FilterSecurityInterceptor@7151dd9d]
2022-11-11 15:18:10,832 DEBUG org.springframework.web.servlet.mvc.method.annotation.RequestMappingHandlerAdapter [main] ControllerAdvice beans: 0 @ModelAttribute, 0 @InitBinder, 1 RequestBodyAdvice, 1 ResponseBodyAdvice
2022-11-11 15:18:10,853 DEBUG org.springframework.web.servlet.mvc.method.annotation.ExceptionHandlerExceptionResolver [main] ControllerAdvice beans: 2 @ExceptionHandler, 1 ResponseBodyAdvice
2022-11-11 15:18:11,073 INFO org.springframework.boot.web.embedded.tomcat.TomcatWebServer [main] Tomcat started on port(s): 8080 (http) with context path ''
2022-11-11 15:18:11,085 INFO org.springframework.boot.StartupInfoLogger [main] Started BoilerPlateApplication in 3.66 seconds (JVM running for 4.333)
2022-11-11 15:24:38,658 INFO org.springframework.orm.jpa.AbstractEntityManagerFactoryBean [SpringApplicationShutdownHook] Closing JPA EntityManagerFactory for persistence unit 'default'
2022-11-11 15:24:38,660 INFO com.zaxxer.hikari.HikariDataSource [SpringApplicationShutdownHook] HikariPool-1 - Shutdown initiated...
2022-11-11 15:24:38,662 INFO com.zaxxer.hikari.HikariDataSource [SpringApplicationShutdownHook] HikariPool-1 - Shutdown completed.
